core/build/outputs/logs/manifest-merger-debug-report.txt
-- Merging decision tree log ---
manifest
ADDED from src\main\AndroidManifest.xml:2:1-47:12
INJECTED from src\main\AndroidManifest.xml:2:1-47:12
INJECTED from src\main\AndroidManifest.xml:2:1-47:12
INJECTED from src\main\AndroidManifest.xml:2:1-47:12
MERGED from [:SPD-classes] AndroidManifest.xml:2:1-14:12
INJECTED from src\main\AndroidManifest.xml:2:1-47:12
INJECTED from src\main\AndroidManifest.xml:2:1-47:12
INJECTED from src\main\AndroidManifest.xml:2:1-47:12
	package
		ADDED from src\main\AndroidManifest.xml:3:2-52
		INJECTED from src\main\AndroidManifest.xml
		INJECTED from src\main\AndroidManifest.xml
	android:versionName
		ADDED from src\main\AndroidManifest.xml:5:2-30
		INJECTED from src\main\AndroidManifest.xml
		INJECTED from src\main\AndroidManifest.xml
	xmlns:android
		ADDED from src\main\AndroidManifest.xml:2:11-69
	android:versionCode
		ADDED from src\main\AndroidManifest.xml:4:2-27
		INJECTED from src\main\AndroidManifest.xml
		INJECTED from src\main\AndroidManifest.xml
	android:installLocation
		ADDED from src\main\AndroidManifest.xml:6:2-32
uses-sdk
ADDED from src\main\AndroidManifest.xml:8:2-10:34
MERGED from [:SPD-classes] AndroidManifest.xml:5:5-43
MERGED from [:SPD-classes] AndroidManifest.xml:5:5-43
	android:targetSdkVersion
		ADDED from src\main\AndroidManifest.xml:10:3-32
	android:minSdkVersion
		ADDED from src\main\AndroidManifest.xml:9:3-28
uses-feature#0x00020000
ADDED from src\main\AndroidManifest.xml:12:2-13:37
MERGED from [:SPD-classes] AndroidManifest.xml:9:5-54
MERGED from [:SPD-classes] AndroidManifest.xml:9:5-54
	android:glEsVersion
		ADDED from src\main\AndroidManifest.xml:13:3-35
supports-screens
ADDED from src\main\AndroidManifest.xml:17:2-21:33
	android:largeScreens
		ADDED from src\main\AndroidManifest.xml:20:3-30
	android:smallScreens
		ADDED from src\main\AndroidManifest.xml:18:3-30
	android:normalScreens
		ADDED from src\main\AndroidManifest.xml:19:3-31
	android:xlargeScreens
		ADDED from src\main\AndroidManifest.xml:21:3-31
application
ADDED from src\main\AndroidManifest.xml:23:2-45:16
MERGED from [:SPD-classes] AndroidManifest.xml:11:5-12:19
MERGED from [:SPD-classes] AndroidManifest.xml:11:5-12:19
	android:backupAgent
		ADDED from src\main\AndroidManifest.xml:29:3-79
	android:label
		ADDED from src\main\AndroidManifest.xml:25:3-35
	android:icon
		ADDED from src\main\AndroidManifest.xml:24:3-37
	android:allowBackup
		ADDED from src\main\AndroidManifest.xml:27:3-29
	android:theme
		ADDED from src\main\AndroidManifest.xml:26:3-56
	android:fullBackupOnly
		ADDED from src\main\AndroidManifest.xml:28:3-32
activity#com.shatteredpixel.shatteredpixeldungeon.ShatteredPixelDungeon
ADDED from src\main\AndroidManifest.xml:30:3-41:14
	android:screenOrientation
		ADDED from src\main\AndroidManifest.xml:36:4-40
	android:label
		ADDED from src\main\AndroidManifest.xml:31:4-36
	android:launchMode
		ADDED from src\main\AndroidManifest.xml:34:4-39
	android:configChanges
		ADDED from src\main\AndroidManifest.xml:35:4-97
	android:alwaysRetainTaskState
		ADDED from src\main\AndroidManifest.xml:33:4-40
	android:name
		ADDED from src\main\AndroidManifest.xml:32:4-81
intent-filter#action:name:android.intent.action.MAIN+category:name:android.intent.category.LAUNCHER
ADDED from src\main\AndroidManifest.xml:37:4-40:20
action#android.intent.action.MAIN
ADDED from src\main\AndroidManifest.xml:38:5-57
	android:name
		ADDED from src\main\AndroidManifest.xml:38:13-54
category#android.intent.category.LAUNCHER
ADDED from src\main\AndroidManifest.xml:39:5-65
	android:name
		ADDED from src\main\AndroidManifest.xml:39:15-62
meta-data#android.max_aspect
ADDED from src\main\AndroidManifest.xml:44:3-71
	android:value
		ADDED from src\main\AndroidManifest.xml:44:48-68
	android:name
		ADDED from src\main\AndroidManifest.xml:44:14-47
uses-permission#android.permission.VIBRATE
ADDED from [:SPD-classes] AndroidManifest.xml:7:5-66
	android:name
		ADDED from [:SPD-classes] AndroidManifest.xml:7:22-63